<?xml version="1.0" encoding="UTF-8"?>
<!-- Generated by org.testng.reporters.JUnitXMLReporter -->
<testsuite ignored="0" hostname="KennyMoonlay" failures="0" tests="5" name="Default test" time="14.399" errors="0" timestamp="2024-04-10T04:04:32 WIB">
  <testcase classname="TrelloE2E" name="CreateBoards" time="4.287"/>
  <testcase classname="TrelloE2E" name="CreateList" time="4.1"/>
  <testcase classname="TrelloE2E" name="createCards" time="0.812"/>
  <testcase classname="TrelloE2E" name="movingCardsBetweenCreatedList" time="3.522"/>
  <testcase classname="TrelloE2E" name="DeleteBoards" time="1.561"/>
</testsuite> <!-- Default test -->
