<?xml version="1.0" encoding="UTF-8"?>
<!-- Generated by org.testng.reporters.JUnitXMLReporter -->
<testsuite ignored="0" hostname="KennyMoonlay" failures="0" tests="5" name="Default test" time="18.207" errors="0" timestamp="2024-04-14T23:21:22 WIB">
  <testcase classname="TrelloE2E" name="CreateBoards" time="4.677"/>
  <testcase classname="TrelloE2E" name="CreateList" time="4.94"/>
  <testcase classname="TrelloE2E" name="createCards" time="0.963"/>
  <testcase classname="TrelloE2E" name="movingCardsBetweenCreatedList" time="4.313"/>
  <testcase classname="TrelloE2E" name="DeleteBoards" time="1.788"/>
</testsuite> <!-- Default test -->
