<?xml version="1.0" encoding="UTF-8"?>
<testsuite name="Default test"
           tests="5"
           failures="0"
           errors="0"
           skipped="0"
           time="14.282">
    <properties></properties>



            <testcase
                name="createCards"
                time="0.812"
                classname="TrelloE2E">
            </testcase>
            <testcase
                name="CreateList"
                time="4.100"
                classname="TrelloE2E">
            </testcase>
            <testcase
                name="movingCardsBetweenCreatedList"
                time="3.522"
                classname="TrelloE2E">
            </testcase>
            <testcase
                name="DeleteBoards"
                time="1.561"
                classname="TrelloE2E">
            </testcase>
            <testcase
                name="CreateBoards"
                time="4.287"
                classname="TrelloE2E">
            </testcase>
</testsuite>
