<?xml version="1.0" encoding="UTF-8"?>
<testng-results ignored="0" total="5" passed="5" failed="0" skipped="0">
  <reporter-output>
  </reporter-output>
  <suite started-at="2024-04-14T23:35:51 WIB" name="Default suite" finished-at="2024-04-14T23:36:08 WIB" duration-ms="17169">
    <groups>
    </groups>
    <test started-at="2024-04-14T23:35:51 WIB" name="Default test" finished-at="2024-04-14T23:36:08 WIB" duration-ms="17169">
      <class name="TrelloE2E">
        <test-method is-config="true" signature="setUp()[pri:0, instance:TrelloE2E@1b66c0fb]" started-at="2024-04-14T23:35:51 WIB" name="setUp" finished-at="2024-04-14T23:35:51 WIB" duration-ms="828" status="PASS">
          <reporter-output>
          </reporter-output>
        </test-method> <!-- setUp -->
        <test-method signature="CreateBoards()[pri:0, instance:TrelloE2E@1b66c0fb]" started-at="2024-04-14T23:35:51 WIB" name="CreateBoards" finished-at="2024-04-14T23:35:56 WIB" duration-ms="4201" status="PASS">
          <reporter-output>
          </reporter-output>
        </test-method> <!-- CreateBoards -->
        <test-method signature="CreateList()[pri:1, instance:TrelloE2E@1b66c0fb]" started-at="2024-04-14T23:35:56 WIB" name="CreateList" finished-at="2024-04-14T23:36:01 WIB" duration-ms="5072" status="PASS">
          <reporter-output>
          </reporter-output>
        </test-method> <!-- CreateList -->
        <test-method signature="createCards()[pri:2, instance:TrelloE2E@1b66c0fb]" started-at="2024-04-14T23:36:01 WIB" name="createCards" finished-at="2024-04-14T23:36:02 WIB" duration-ms="972" status="PASS">
          <reporter-output>
          </reporter-output>
        </test-method> <!-- createCards -->
        <test-method signature="movingCardsBetweenCreatedList()[pri:3, instance:TrelloE2E@1b66c0fb]" started-at="2024-04-14T23:36:02 WIB" name="movingCardsBetweenCreatedList" finished-at="2024-04-14T23:36:06 WIB" duration-ms="4427" status="PASS">
          <reporter-output>
          </reporter-output>
        </test-method> <!-- movingCardsBetweenCreatedList -->
        <test-method signature="DeleteBoards()[pri:4, instance:TrelloE2E@1b66c0fb]" started-at="2024-04-14T23:36:06 WIB" name="DeleteBoards" finished-at="2024-04-14T23:36:08 WIB" duration-ms="1602" status="PASS">
          <reporter-output>
          </reporter-output>
        </test-method> <!-- DeleteBoards -->
      </class> <!-- TrelloE2E -->
    </test> <!-- Default test -->
  </suite> <!-- Default suite -->
</testng-results>
