<?xml version="1.0" encoding="UTF-8"?>
<testng-results ignored="0" total="5" passed="5" failed="0" skipped="0">
  <reporter-output>
  </reporter-output>
  <suite started-at="2024-04-14T23:21:03 WIB" name="Default suite" finished-at="2024-04-14T23:21:22 WIB" duration-ms="18207">
    <groups>
    </groups>
    <test started-at="2024-04-14T23:21:03 WIB" name="Default test" finished-at="2024-04-14T23:21:22 WIB" duration-ms="18207">
      <class name="TrelloE2E">
        <test-method is-config="true" signature="setUp()[pri:0, instance:TrelloE2E@1b66c0fb]" started-at="2024-04-14T23:21:03 WIB" name="setUp" finished-at="2024-04-14T23:21:05 WIB" duration-ms="1459" status="PASS">
          <reporter-output>
          </reporter-output>
        </test-method> <!-- setUp -->
        <test-method signature="CreateBoards()[pri:0, instance:TrelloE2E@1b66c0fb]" started-at="2024-04-14T23:21:05 WIB" name="CreateBoards" finished-at="2024-04-14T23:21:10 WIB" duration-ms="4677" status="PASS">
          <reporter-output>
          </reporter-output>
        </test-method> <!-- CreateBoards -->
        <test-method signature="CreateList()[pri:1, instance:TrelloE2E@1b66c0fb]" started-at="2024-04-14T23:21:10 WIB" name="CreateList" finished-at="2024-04-14T23:21:15 WIB" duration-ms="4940" status="PASS">
          <reporter-output>
          </reporter-output>
        </test-method> <!-- CreateList -->
        <test-method signature="createCards()[pri:2, instance:TrelloE2E@1b66c0fb]" started-at="2024-04-14T23:21:15 WIB" name="createCards" finished-at="2024-04-14T23:21:16 WIB" duration-ms="963" status="PASS">
          <reporter-output>
          </reporter-output>
        </test-method> <!-- createCards -->
        <test-method signature="movingCardsBetweenCreatedList()[pri:3, instance:TrelloE2E@1b66c0fb]" started-at="2024-04-14T23:21:16 WIB" name="movingCardsBetweenCreatedList" finished-at="2024-04-14T23:21:20 WIB" duration-ms="4313" status="PASS">
          <reporter-output>
          </reporter-output>
        </test-method> <!-- movingCardsBetweenCreatedList -->
        <test-method signature="DeleteBoards()[pri:4, instance:TrelloE2E@1b66c0fb]" started-at="2024-04-14T23:21:20 WIB" name="DeleteBoards" finished-at="2024-04-14T23:21:22 WIB" duration-ms="1788" status="PASS">
          <reporter-output>
          </reporter-output>
        </test-method> <!-- DeleteBoards -->
      </class> <!-- TrelloE2E -->
    </test> <!-- Default test -->
  </suite> <!-- Default suite -->
</testng-results>
